<?xml version="1.0" encoding="UTF-8"?>
<testsuite xmlns:xsi="http://www.w3.org/2001/XMLSchema-instance" xsi:noNamespaceSchemaLocation="https://maven.apache.org/surefire/maven-surefire-plugin/xsd/surefire-test-report-3.0.xsd" version="3.0" name="com.example.security.SecurityApplicationTests" time="1.691" tests="1" errors="0" skipped="0" failures="0">
  <properties>
[...]
</properties>
  <testcase name="contextLoads" classname="com.example.security.SecurityApplicationTests" time="0.485">
    <system-out><![CDATA[12:49:45.794 [main] INFO org.springframework.test.context.support.AnnotationConfigContextLoaderUtils -- Could not detect default configuration classes for test class [com.example.security.SecurityApplicationTests]: SecurityApplicationTests does not declare any static, non-private, non-final, nested classes annotated with @Configuration.
12:49:45.856 [main] INFO org.springframework.boot.test.context.SpringBootTestContextBootstrapper -- Found @SpringBootConfiguration com.example.security.SecurityApplication for test class com.example.security.SecurityApplicationTests

  .   ____          _            __ _ _
 /\\ / ___'_ __ _ _(_)_ __  __ _ \ \ \ \
( ( )\___ | '_ | '_| | '_ \/ _` | \ \ \ \
 \\/  ___)| |_)| | | | | || (_| |  ) ) ) )
  '  |____| .__|_| |_|_| |_\__, | / / / /
 =========|_|==============|___/=/_/_/_/
 :: Spring Boot ::                (v3.1.7)

2024-01-13T12:49:46.066+05:30  INFO 11884 --- [           main] c.e.security.SecurityApplicationTests    : Starting SecurityApplicationTests using Java 17.0.9 with PID 11884 (started by rajeshkumar in /Users/rajeshkumar/Downloads/security)
2024-01-13T12:49:46.067+05:30  INFO 11884 --- [           main] c.e.security.SecurityApplicationTests    : No active profile set, falling back to 1 default profile: "default"
2024-01-13T12:49:46.841+05:30  INFO 11884 --- [           main] o.s.s.web.DefaultSecurityFilterChain     : Will secure any request with [org.springframework.security.web.session.DisableEncodeUrlFilter@7bcecef6, org.springframework.security.web.context.request.async.WebAsyncManagerIntegrationFilter@46046c06, org.springframework.security.web.context.SecurityContextHolderFilter@60a7e509, org.springframework.security.web.header.HeaderWriterFilter@233db8e9, org.springframework.security.web.csrf.CsrfFilter@483b0690, org.springframework.security.web.authentication.logout.LogoutFilter@2582b0ef, org.springframework.security.web.authentication.UsernamePasswordAuthenticationFilter@50a13c2f, org.springframework.security.web.authentication.ui.DefaultLoginPageGeneratingFilter@3965bdf9, org.springframework.security.web.authentication.ui.DefaultLogoutPageGeneratingFilter@93824eb, org.springframework.security.web.authentication.www.BasicAuthenticationFilter@13e5d243, org.springframework.security.web.savedrequest.RequestCacheAwareFilter@787508ca, org.springframework.security.web.servletapi.SecurityContextHolderAwareRequestFilter@32d5279, org.springframework.security.web.authentication.AnonymousAuthenticationFilter@7af52ec7, org.springframework.security.web.access.ExceptionTranslationFilter@59b32539, org.springframework.security.web.access.intercept.AuthorizationFilter@6dd36ab6]
2024-01-13T12:49:46.870+05:30  INFO 11884 --- [           main] c.e.security.SecurityApplicationTests    : Started SecurityApplicationTests in 0.935 seconds (process running for 1.525)
]]></system-out>
  </testcase>
</testsuite>